This file contains any messages produced by compilers while
running configure, to aid debugging if configure makes a mistake.

It was created by RPG configure 1.0, which was
generated by GNU Autoconf 2.69.  Invocation command line was

  $ ./configure 

## --------- ##
## Platform. ##
## --------- ##

hostname = computer.workshop
uname -m = x86_64
uname -r = 5.7.4-arch1-1
uname -s = Linux
uname -v = #1 SMP PREEMPT Thu, 18 Jun 2020 16:01:07 +0000

/usr/bin/uname -p = unknown
/bin/uname -X     = unknown

/bin/arch              = unknown
/usr/bin/arch -k       = unknown
/usr/convex/getsysinfo = unknown
/usr/bin/hostinfo      = unknown
/bin/machine           = unknown
/usr/bin/oslevel       = unknown
/bin/universe          = unknown

PATH: /usr/local/sbin
PATH: /usr/local/bin
PATH: /usr/bin
PATH: /opt/cuda/bin
PATH: /usr/lib/jvm/default/bin
PATH: /usr/bin/site_perl
PATH: /usr/bin/vendor_perl
PATH: /usr/bin/core_perl


## ----------- ##
## Core tests. ##
## ----------- ##

configure:2283: checking for a BSD-compatible install
configure:2351: result: /usr/bin/install -c
configure:2362: checking whether build environment is sane
configure:2417: result: yes
configure:2566: checking for a thread-safe mkdir -p
configure:2605: result: /usr/bin/mkdir -p
configure:2612: checking for gawk
configure:2628: found /usr/bin/gawk
configure:2639: result: gawk
configure:2650: checking whether make sets $(MAKE)
configure:2672: result: yes
configure:2701: checking whether make supports nested variables
configure:2718: result: yes
configure:2895: checking for style of include used by make
configure:2923: result: GNU
configure:2994: checking for gcc
configure:3010: found /usr/bin/gcc
configure:3021: result: gcc
configure:3250: checking for C compiler version
configure:3259: gcc --version >&5
gcc (GCC) 10.1.0
Copyright (C) 2020 Free Software Foundation, Inc.
This is free software; see the source for copying conditions.  There is NO
warranty; not even for MERCHANTABILITY or FITNESS FOR A PARTICULAR PURPOSE.

configure:3270: $? = 0
configure:3259: gcc -v >&5
Using built-in specs.
COLLECT_GCC=gcc
COLLECT_LTO_WRAPPER=/usr/lib/gcc/x86_64-pc-linux-gnu/10.1.0/lto-wrapper
Target: x86_64-pc-linux-gnu
Configured with: /build/gcc/src/gcc/configure --prefix=/usr --libdir=/usr/lib --libexecdir=/usr/lib --mandir=/usr/share/man --infodir=/usr/share/info --with-bugurl=https://bugs.archlinux.org/ --enable-languages=c,c++,ada,fortran,go,lto,objc,obj-c++,d --with-isl --with-linker-hash-style=gnu --with-system-zlib --enable-__cxa_atexit --enable-cet=auto --enable-checking=release --enable-clocale=gnu --enable-default-pie --enable-default-ssp --enable-gnu-indirect-function --enable-gnu-unique-object --enable-install-libiberty --enable-linker-build-id --enable-lto --enable-multilib --enable-plugin --enable-shared --enable-threads=posix --disable-libssp --disable-libstdcxx-pch --disable-libunwind-exceptions --disable-werror gdc_include_dir=/usr/include/dlang/gdc
Thread model: posix
Supported LTO compression algorithms: zlib zstd
gcc version 10.1.0 (GCC) 
configure:3270: $? = 0
configure:3259: gcc -V >&5
gcc: error: unrecognized command-line option '-V'
gcc: fatal error: no input files
compilation terminated.
configure:3270: $? = 1
configure:3259: gcc -qversion >&5
gcc: error: unrecognized command-line option '-qversion'; did you mean '--version'?
gcc: fatal error: no input files
compilation terminated.
configure:3270: $? = 1
configure:3290: checking whether the C compiler works
configure:3312: gcc -O3 -lm   conftest.c  >&5
configure:3316: $? = 0
configure:3364: result: yes
configure:3367: checking for C compiler default output file name
configure:3369: result: a.out
configure:3375: checking for suffix of executables
configure:3382: gcc -o conftest -O3 -lm   conftest.c  >&5
configure:3386: $? = 0
configure:3408: result: 
configure:3430: checking whether we are cross compiling
configure:3438: gcc -o conftest -O3 -lm   conftest.c  >&5
configure:3442: $? = 0
configure:3449: ./conftest
configure:3453: $? = 0
configure:3441: result: no
configure:3446: checking for suffix of object files
configure:3468: gcc -c -O3 -lm  conftest.c >&5
configure:3472: $? = 0
configure:3493: result: o
configure:3497: checking whether we are using the GNU C compiler
configure:3516: gcc -c -O3 -lm  conftest.c >&5
configure:3516: $? = 0
configure:3525: result: yes
configure:3534: checking whether gcc accepts -g
configure:3554: gcc -c -g  conftest.c >&5
configure:3554: $? = 0
configure:3595: result: yes
configure:3612: checking for gcc option to accept ISO C89
configure:3675: gcc  -c -O3 -lm  conftest.c >&5
configure:3675: $? = 0
configure:3688: result: none needed
configure:3713: checking whether gcc understands -c and -o together
configure:3735: gcc -c conftest.c -o conftest2.o
configure:3738: $? = 0
configure:3735: gcc -c conftest.c -o conftest2.o
configure:3738: $? = 0
configure:3750: result: yes
configure:3769: checking dependency style of gcc
configure:3880: result: gcc3
configure:3945: checking for ar
configure:3961: found /usr/bin/ar
configure:3972: result: ar
configure:3998: checking the archiver (ar) interface
configure:4014: gcc -c -O3 -lm  conftest.c >&5
configure:4014: $? = 0
configure:4016: ar cru libconftest.a conftest.o >&5
ar: `u' modifier ignored since `D' is the default (see `U')
configure:4019: $? = 0
configure:4018: result: ar
configure:4086: checking for gcc
configure:4113: result: gcc
configure:4342: checking for C compiler version
configure:4351: gcc --version >&5
gcc (GCC) 10.1.0
Copyright (C) 2020 Free Software Foundation, Inc.
This is free software; see the source for copying conditions.  There is NO
warranty; not even for MERCHANTABILITY or FITNESS FOR A PARTICULAR PURPOSE.

configure:4362: $? = 0
configure:4351: gcc -v >&5
Using built-in specs.
COLLECT_GCC=gcc
COLLECT_LTO_WRAPPER=/usr/lib/gcc/x86_64-pc-linux-gnu/10.1.0/lto-wrapper
Target: x86_64-pc-linux-gnu
Configured with: /build/gcc/src/gcc/configure --prefix=/usr --libdir=/usr/lib --libexecdir=/usr/lib --mandir=/usr/share/man --infodir=/usr/share/info --with-bugurl=https://bugs.archlinux.org/ --enable-languages=c,c++,ada,fortran,go,lto,objc,obj-c++,d --with-isl --with-linker-hash-style=gnu --with-system-zlib --enable-__cxa_atexit --enable-cet=auto --enable-checking=release --enable-clocale=gnu --enable-default-pie --enable-default-ssp --enable-gnu-indirect-function --enable-gnu-unique-object --enable-install-libiberty --enable-linker-build-id --enable-lto --enable-multilib --enable-plugin --enable-shared --enable-threads=posix --disable-libssp --disable-libstdcxx-pch --disable-libunwind-exceptions --disable-werror gdc_include_dir=/usr/include/dlang/gdc
Thread model: posix
Supported LTO compression algorithms: zlib zstd
gcc version 10.1.0 (GCC) 
configure:4362: $? = 0
configure:4351: gcc -V >&5
gcc: error: unrecognized command-line option '-V'
gcc: fatal error: no input files
compilation terminated.
configure:4362: $? = 1
configure:4351: gcc -qversion >&5
gcc: error: unrecognized command-line option '-qversion'; did you mean '--version'?
gcc: fatal error: no input files
compilation terminated.
configure:4362: $? = 1
configure:4366: checking whether we are using the GNU C compiler
configure:4394: result: yes
configure:4403: checking whether gcc accepts -g
configure:4464: result: yes
configure:4481: checking for gcc option to accept ISO C89
configure:4557: result: none needed
configure:4582: checking whether gcc understands -c and -o together
configure:4619: result: yes
configure:4638: checking dependency style of gcc
configure:4749: result: gcc3
configure:4793: checking build system type
configure:4807: result: x86_64-unknown-linux-gnu
configure:4827: checking host system type
configure:4840: result: x86_64-unknown-linux-gnu
configure:4881: checking how to print strings
configure:4908: result: printf
configure:4929: checking for a sed that does not truncate output
configure:4993: result: /usr/bin/sed
configure:5011: checking for grep that handles long lines and -e
configure:5069: result: /usr/bin/grep
configure:5074: checking for egrep
configure:5136: result: /usr/bin/grep -E
configure:5141: checking for fgrep
configure:5203: result: /usr/bin/grep -F
configure:5238: checking for ld used by gcc
configure:5305: result: /usr/bin/ld
configure:5312: checking if the linker (/usr/bin/ld) is GNU ld
configure:5327: result: yes
configure:5339: checking for BSD- or MS-compatible name lister (nm)
configure:5393: result: /usr/bin/nm -B
configure:5523: checking the name lister (/usr/bin/nm -B) interface
configure:5530: gcc -c -O3 -lm  conftest.c >&5
configure:5533: /usr/bin/nm -B "conftest.o"
configure:5536: output
0000000000000000 B some_variable
configure:5537: result: BSD nm
configure:5540: checking whether ln -s works
configure:5544: result: yes
configure:5552: checking the maximum length of command line arguments
configure:5683: result: 1572864
configure:5731: checking how to convert x86_64-unknown-linux-gnu file names to x86_64-unknown-linux-gnu format
configure:5771: result: func_convert_file_noop
configure:5778: checking how to convert x86_64-unknown-linux-gnu file names to toolchain format
configure:5798: result: func_convert_file_noop
configure:5805: checking for /usr/bin/ld option to reload object files
configure:5812: result: -r
configure:5886: checking for objdump
configure:5902: found /usr/bin/objdump
configure:5913: result: objdump
configure:5945: checking how to recognize dependent libraries
configure:6145: result: pass_all
configure:6230: checking for dlltool
configure:6260: result: no
configure:6290: checking how to associate runtime and link libraries
configure:6317: result: printf %s\n
configure:6441: checking for archiver @FILE support
configure:6458: gcc -c -O3 -lm  conftest.c >&5
configure:6458: $? = 0
configure:6461: ar cru libconftest.a @conftest.lst >&5
ar: `u' modifier ignored since `D' is the default (see `U')
configure:6464: $? = 0
configure:6469: ar cru libconftest.a @conftest.lst >&5
ar: `u' modifier ignored since `D' is the default (see `U')
ar: conftest.o: No such file or directory
configure:6472: $? = 1
configure:6471: result: @
configure:6529: checking for strip
configure:6545: found /usr/bin/strip
configure:6556: result: strip
configure:6628: checking for ranlib
configure:6644: found /usr/bin/ranlib
configure:6655: result: ranlib
configure:6757: checking command to parse /usr/bin/nm -B output from gcc object
configure:6910: gcc -c -O3 -lm  conftest.c >&5
configure:6913: $? = 0
configure:6917: /usr/bin/nm -B conftest.o \| sed -n -e 's/^.*[ ]\([ABCDGIRSTW][ABCDGIRSTW]*\)[ ][ ]*\([_A-Za-z][_A-Za-z0-9]*\)$/\1 \2 \2/p' | sed '/ __gnu_lto/d' \> conftest.nm
configure:6920: $? = 0
configure:6986: gcc -o conftest -O3 -lm   conftest.c conftstm.o >&5
configure:6989: $? = 0
configure:7027: result: ok
configure:7074: checking for sysroot
configure:7104: result: no
configure:7111: checking for a working dd
configure:7149: result: /usr/bin/dd
configure:7153: checking how to truncate binary pipes
configure:7168: result: /usr/bin/dd bs=4096 count=1
configure:7304: gcc -c -O3 -lm  conftest.c >&5
configure:7307: $? = 0
configure:7497: checking for mt
configure:7527: result: no
configure:7547: checking if : is a manifest tool
configure:7553: : '-?'
configure:7561: result: no
configure:8238: checking how to run the C preprocessor
configure:8269: gcc -E  conftest.c
configure:8269: $? = 0
configure:8283: gcc -E  conftest.c
conftest.c:13:10: fatal error: ac_nonexistent.h: No such file or directory
   13 | #include <ac_nonexistent.h>
      |          ^~~~~~~~~~~~~~~~~~
compilation terminated.
configure:8283: $? = 1
configure: failed program was:
| /* confdefs.h */
| #define PACKAGE_NAME "RPG"
| #define PACKAGE_TARNAME "rpg"
| #define PACKAGE_VERSION "1.0"
| #define PACKAGE_STRING "RPG 1.0"
| #define PACKAGE_BUGREPORT "romualdrousseau@msn.com"
| #define PACKAGE_URL ""
| #define PACKAGE "rpg"
| #define VERSION "1.0"
| #define G_DISABLE_ASSERT 1
| #define G_DISABLE_CHECKS 1
| /* end confdefs.h.  */
| #include <ac_nonexistent.h>
configure:8308: result: gcc -E
configure:8328: gcc -E  conftest.c
configure:8328: $? = 0
configure:8342: gcc -E  conftest.c
conftest.c:13:10: fatal error: ac_nonexistent.h: No such file or directory
   13 | #include <ac_nonexistent.h>
      |          ^~~~~~~~~~~~~~~~~~
compilation terminated.
configure:8342: $? = 1
configure: failed program was:
| /* confdefs.h */
| #define PACKAGE_NAME "RPG"
| #define PACKAGE_TARNAME "rpg"
| #define PACKAGE_VERSION "1.0"
| #define PACKAGE_STRING "RPG 1.0"
| #define PACKAGE_BUGREPORT "romualdrousseau@msn.com"
| #define PACKAGE_URL ""
| #define PACKAGE "rpg"
| #define VERSION "1.0"
| #define G_DISABLE_ASSERT 1
| #define G_DISABLE_CHECKS 1
| /* end confdefs.h.  */
| #include <ac_nonexistent.h>
configure:8371: checking for ANSI C header files
configure:8391: gcc -c -O3 -lm  conftest.c >&5
configure:8391: $? = 0
configure:8464: gcc -o conftest -O3 -lm   conftest.c  >&5
configure:8464: $? = 0
configure:8464: ./conftest
configure:8464: $? = 0
configure:8475: result: yes
configure:8488: checking for sys/types.h
configure:8488: gcc -c -O3 -lm  conftest.c >&5
configure:8488: $? = 0
configure:8488: result: yes
configure:8488: checking for sys/stat.h
configure:8488: gcc -c -O3 -lm  conftest.c >&5
configure:8488: $? = 0
configure:8488: result: yes
configure:8488: checking for stdlib.h
configure:8488: gcc -c -O3 -lm  conftest.c >&5
configure:8488: $? = 0
configure:8488: result: yes
configure:8488: checking for string.h
configure:8488: gcc -c -O3 -lm  conftest.c >&5
configure:8488: $? = 0
configure:8488: result: yes
configure:8488: checking for memory.h
configure:8488: gcc -c -O3 -lm  conftest.c >&5
configure:8488: $? = 0
configure:8488: result: yes
configure:8488: checking for strings.h
configure:8488: gcc -c -O3 -lm  conftest.c >&5
configure:8488: $? = 0
configure:8488: result: yes
configure:8488: checking for inttypes.h
configure:8488: gcc -c -O3 -lm  conftest.c >&5
configure:8488: $? = 0
configure:8488: result: yes
configure:8488: checking for stdint.h
configure:8488: gcc -c -O3 -lm  conftest.c >&5
configure:8488: $? = 0
configure:8488: result: yes
configure:8488: checking for unistd.h
configure:8488: gcc -c -O3 -lm  conftest.c >&5
configure:8488: $? = 0
configure:8488: result: yes
configure:8502: checking for dlfcn.h
configure:8502: gcc -c -O3 -lm  conftest.c >&5
configure:8502: $? = 0
configure:8502: result: yes
configure:8758: checking for objdir
configure:8773: result: .libs
configure:9037: checking if gcc supports -fno-rtti -fno-exceptions
configure:9055: gcc -c -O3 -lm  -fno-rtti -fno-exceptions conftest.c >&5
cc1: warning: command-line option '-fno-rtti' is valid for C++/D/ObjC++ but not for C
configure:9059: $? = 0
configure:9072: result: no
configure:9430: checking for gcc option to produce PIC
configure:9437: result: -fPIC -DPIC
configure:9445: checking if gcc PIC flag -fPIC -DPIC works
configure:9463: gcc -c -O3 -lm  -fPIC -DPIC -DPIC conftest.c >&5
configure:9467: $? = 0
configure:9480: result: yes
configure:9509: checking if gcc static flag -static works
configure:9537: result: yes
configure:9552: checking if gcc supports -c -o file.o
configure:9573: gcc -c -O3 -lm  -o out/conftest2.o conftest.c >&5
configure:9577: $? = 0
configure:9599: result: yes
configure:9607: checking if gcc supports -c -o file.o
configure:9654: result: yes
configure:9687: checking whether the gcc linker (/usr/bin/ld -m elf_x86_64) supports shared libraries
configure:10946: result: yes
configure:10983: checking whether -lc should be explicitly linked in
configure:10991: gcc -c -O3 -lm  conftest.c >&5
configure:10994: $? = 0
configure:11009: gcc -shared  -fPIC -DPIC conftest.o  -v -Wl,-soname -Wl,conftest -o conftest 2\>\&1 \| /usr/bin/grep  -lc  \>/dev/null 2\>\&1
configure:11012: $? = 0
configure:11026: result: no
configure:11186: checking dynamic linker characteristics
configure:11767: gcc -o conftest -O3 -lm   -Wl,-rpath -Wl,/foo conftest.c  >&5
configure:11767: $? = 0
configure:12004: result: GNU/Linux ld.so
configure:12126: checking how to hardcode library paths into programs
configure:12151: result: immediate
configure:12699: checking whether stripping libraries is possible
configure:12704: result: yes
configure:12739: checking if libtool supports shared libraries
configure:12741: result: yes
configure:12744: checking whether to build shared libraries
configure:12769: result: yes
configure:12772: checking whether to build static libraries
configure:12776: result: yes
configure:9606: checking stdio.h usability
configure:9606: gcc -c -O3 -lm  conftest.c >&5
configure:9606: $? = 0
configure:9606: result: yes
configure:9606: checking stdio.h presence
configure:9606: gcc -E  conftest.c
configure:9606: $? = 0
configure:9606: result: yes
configure:9606: checking for stdio.h
configure:9606: result: yes
configure:9612: checking math.h usability
configure:9612: gcc -c -O3 -lm  conftest.c >&5
configure:9612: $? = 0
configure:9612: result: yes
configure:9612: checking math.h presence
configure:9612: gcc -E  conftest.c
configure:9612: $? = 0
configure:9612: result: yes
configure:9612: checking for math.h
configure:9612: result: yes
configure:9695: checking for X11/Xlib.h
configure:9695: gcc -c -O3 -lm -ffast-math  conftest.c >&5
configure:9695: $? = 0
configure:9695: result: yes
configure:9711: checking for main in -lXxf86dga
configure:9730: gcc -o conftest -O3 -lm -ffast-math   conftest.c -lXxf86dga   >&5
configure:9730: $? = 0
configure:9739: result: yes
configure:9742: checking for X11/extensions/Xxf86dga.h
configure:9742: gcc -c -O3 -lm -ffast-math  conftest.c >&5
configure:9742: $? = 0
configure:9742: result: yes
configure:9767: checking for main in -lXrandr
configure:9786: gcc -o conftest -O3 -lm -ffast-math   conftest.c -lXrandr   -lXxf86dga >&5
configure:9786: $? = 0
configure:9795: result: yes
configure:9798: checking for X11/extensions/Xrandr.h
configure:9798: gcc -c -O3 -lm -ffast-math  conftest.c >&5
configure:9798: $? = 0
configure:9798: result: yes
configure:9823: checking for main in -lGL
configure:9842: gcc -o conftest -O3 -lm -ffast-math   conftest.c -lGL   -lXxf86dga -lXrandr >&5
configure:9842: $? = 0
configure:9851: result: yes
configure:9855: checking for GL/gl.h
configure:9855: gcc -c -O3 -lm -ffast-math  conftest.c >&5
configure:9855: $? = 0
configure:9855: result: yes
configure:9867: checking for GL/glx.h
configure:9867: gcc -c -O3 -lm -ffast-math  conftest.c >&5
configure:9867: $? = 0
configure:9867: result: yes
configure:9887: checking for main in -lGLEW
configure:9906: gcc -o conftest -O3 -lm -ffast-math   conftest.c -lGLEW   -lXxf86dga -lXrandr -lGL >&5
configure:9906: $? = 0
configure:9915: result: yes
configure:9919: checking for GL/glew.h
configure:9919: gcc -c -O3 -lm -ffast-math  conftest.c >&5
configure:9919: $? = 0
configure:9919: result: yes
configure:10028: checking for pkg-config
configure:10046: found /usr/bin/pkg-config
configure:10058: result: /usr/bin/pkg-config
configure:10083: checking pkg-config is at least version 0.16
configure:10086: result: yes
configure:10103: checking for GLIB - version >= 2.16.0
configure:10215: gcc -o conftest -O3 -lm -ffast-math -I/usr/include/glib-2.0 -I/usr/lib/glib-2.0/include -pthread    conftest.c -lgthread-2.0 -pthread -lglib-2.0   -lXxf86dga -lXrandr -lGL -lGLEW >&5
configure:10215: $? = 0
configure:10215: ./conftest
configure:10215: $? = 0
configure:10229: result: yes (version 2.64.3)
configure:10407: checking that generated files are newer than configure
configure:10413: result: done
configure:10440: creating ./config.status

## ---------------------- ##
## Running config.status. ##
## ---------------------- ##

This file was extended by RPG config.status 1.0, which was
generated by GNU Autoconf 2.69.  Invocation command line was

  CONFIG_FILES    = 
  CONFIG_HEADERS  = 
  CONFIG_LINKS    = 
  CONFIG_COMMANDS = 
  $ ./config.status 

on computer.workshop

config.status:1105: creating Makefile
config.status:1105: creating src/Makefile
config.status:1105: creating src/rlib/Makefile
config.status:1105: creating data/Makefile
config.status:1105: creating docs/Makefile
config.status:1105: creating config.h
config.status:1334: executing depfiles commands
config.status:1334: executing libtool commands

## ---------------- ##
## Cache variables. ##
## ---------------- ##

ac_cv_build=x86_64-unknown-linux-gnu
ac_cv_c_compiler_gnu=yes
ac_cv_env_CC_set=
ac_cv_env_CC_value=
ac_cv_env_CFLAGS_set=
ac_cv_env_CFLAGS_value=
ac_cv_env_CPPFLAGS_set=
ac_cv_env_CPPFLAGS_value=
ac_cv_env_CPP_set=
ac_cv_env_CPP_value=
ac_cv_env_LDFLAGS_set=
ac_cv_env_LDFLAGS_value=
ac_cv_env_LIBS_set=
ac_cv_env_LIBS_value=
ac_cv_env_LT_SYS_LIBRARY_PATH_set=
ac_cv_env_LT_SYS_LIBRARY_PATH_value=
ac_cv_env_PKG_CONFIG_LIBDIR_set=
ac_cv_env_PKG_CONFIG_LIBDIR_value=
ac_cv_env_PKG_CONFIG_PATH_set=
ac_cv_env_PKG_CONFIG_PATH_value=
ac_cv_env_PKG_CONFIG_set=
ac_cv_env_PKG_CONFIG_value=
ac_cv_env_build_alias_set=
ac_cv_env_build_alias_value=
ac_cv_env_host_alias_set=
ac_cv_env_host_alias_value=
ac_cv_env_target_alias_set=
ac_cv_env_target_alias_value=
ac_cv_header_GL_gl_h=yes
ac_cv_header_GL_glew_h=yes
ac_cv_header_GL_glx_h=yes
ac_cv_header_X11_Xlib_h=yes
ac_cv_header_X11_extensions_Xrandr_h=yes
ac_cv_header_X11_extensions_Xxf86dga_h=yes
ac_cv_header_dlfcn_h=yes
ac_cv_header_inttypes_h=yes
ac_cv_header_math_h=yes
ac_cv_header_memory_h=yes
ac_cv_header_stdc=yes
ac_cv_header_stdint_h=yes
ac_cv_header_stdio_h=yes
ac_cv_header_stdlib_h=yes
ac_cv_header_string_h=yes
ac_cv_header_strings_h=yes
ac_cv_header_sys_stat_h=yes
ac_cv_header_sys_types_h=yes
ac_cv_header_unistd_h=yes
ac_cv_host=x86_64-unknown-linux-gnu
ac_cv_lib_GL=ac_cv_lib_GL_main
ac_cv_lib_GLEW=ac_cv_lib_GLEW_main
ac_cv_lib_GLEW_main=yes
ac_cv_lib_GL_main=yes
ac_cv_lib_Xrandr=ac_cv_lib_Xrandr_main
ac_cv_lib_Xrandr_main=yes
ac_cv_lib_Xxf86dga=ac_cv_lib_Xxf86dga_main
ac_cv_lib_Xxf86dga_main=yes
ac_cv_objext=o
ac_cv_path_EGREP='/usr/bin/grep -E'
ac_cv_path_FGREP='/usr/bin/grep -F'
ac_cv_path_GREP=/usr/bin/grep
ac_cv_path_SED=/usr/bin/sed
ac_cv_path_ac_pt_PKG_CONFIG=/usr/bin/pkg-config
ac_cv_path_install='/usr/bin/install -c'
ac_cv_path_lt_DD=/usr/bin/dd
ac_cv_path_mkdir=/usr/bin/mkdir
ac_cv_prog_AWK=gawk
ac_cv_prog_CPP='gcc -E'
ac_cv_prog_ac_ct_AR=ar
ac_cv_prog_ac_ct_CC=gcc
ac_cv_prog_ac_ct_OBJDUMP=objdump
ac_cv_prog_ac_ct_RANLIB=ranlib
ac_cv_prog_ac_ct_STRIP=strip
ac_cv_prog_cc_c89=
ac_cv_prog_cc_g=yes
ac_cv_prog_make_make_set=yes
am_cv_CC_dependencies_compiler_type=gcc3
am_cv_ar_interface=ar
am_cv_make_support_nested_variables=yes
am_cv_prog_cc_c_o=yes
lt_cv_ar_at_file=@
lt_cv_archive_cmds_need_lc=no
lt_cv_deplibs_check_method=pass_all
lt_cv_file_magic_cmd='$MAGIC_CMD'
lt_cv_file_magic_test_file=
lt_cv_ld_reload_flag=-r
lt_cv_nm_interface='BSD nm'
lt_cv_objdir=.libs
lt_cv_path_LD=/usr/bin/ld
lt_cv_path_NM='/usr/bin/nm -B'
lt_cv_path_mainfest_tool=no
lt_cv_prog_compiler_c_o=yes
lt_cv_prog_compiler_pic='-fPIC -DPIC'
lt_cv_prog_compiler_pic_works=yes
lt_cv_prog_compiler_rtti_exceptions=no
lt_cv_prog_compiler_static_works=yes
lt_cv_prog_gnu_ld=yes
lt_cv_sharedlib_from_linklib_cmd='printf %s\n'
lt_cv_shlibpath_overrides_runpath=no
lt_cv_sys_global_symbol_pipe='sed -n -e '\''s/^.*[	 ]\([ABCDGIRSTW][ABCDGIRSTW]*\)[	 ][	 ]*\([_A-Za-z][_A-Za-z0-9]*\)$/\1 \2 \2/p'\'' | sed '\''/ __gnu_lto/d'\'''
lt_cv_sys_global_symbol_to_c_name_address='sed -n -e '\''s/^: \(.*\) .*$/  {"\1", (void *) 0},/p'\'' -e '\''s/^[ABCDGIRSTW][ABCDGIRSTW]* .* \(.*\)$/  {"\1", (void *) \&\1},/p'\'''
lt_cv_sys_global_symbol_to_c_name_address_lib_prefix='sed -n -e '\''s/^: \(.*\) .*$/  {"\1", (void *) 0},/p'\'' -e '\''s/^[ABCDGIRSTW][ABCDGIRSTW]* .* \(lib.*\)$/  {"\1", (void *) \&\1},/p'\'' -e '\''s/^[ABCDGIRSTW][ABCDGIRSTW]* .* \(.*\)$/  {"lib\1", (void *) \&\1},/p'\'''
lt_cv_sys_global_symbol_to_cdecl='sed -n -e '\''s/^T .* \(.*\)$/extern int \1();/p'\'' -e '\''s/^[ABCDGIRSTW][ABCDGIRSTW]* .* \(.*\)$/extern char \1;/p'\'''
lt_cv_sys_global_symbol_to_import=
lt_cv_sys_max_cmd_len=1572864
lt_cv_to_host_file_cmd=func_convert_file_noop
lt_cv_to_tool_file_cmd=func_convert_file_noop
lt_cv_truncate_bin='/usr/bin/dd bs=4096 count=1'

## ----------------- ##
## Output variables. ##
## ----------------- ##

ACLOCAL='${SHELL} /home/romuald/Projects/RPG3D/missing aclocal-1.15'
AMDEPBACKSLASH='\'
AMDEP_FALSE='#'
AMDEP_TRUE=''
AMTAR='$${TAR-tar}'
AM_BACKSLASH='\'
AM_DEFAULT_V='$(AM_DEFAULT_VERBOSITY)'
AM_DEFAULT_VERBOSITY='1'
AM_V='$(V)'
AR='ar'
AUTOCONF='${SHELL} /home/romuald/Projects/RPG3D/missing autoconf'
AUTOHEADER='${SHELL} /home/romuald/Projects/RPG3D/missing autoheader'
AUTOMAKE='${SHELL} /home/romuald/Projects/RPG3D/missing automake-1.15'
AWK='gawk'
CC='gcc'
CCDEPMODE='depmode=gcc3'
CFLAGS='-O3 -lm -ffast-math -I/usr/include/glib-2.0 -I/usr/lib/glib-2.0/include '
CPP='gcc -E'
CPPFLAGS=''
CYGPATH_W='echo'
DEFS='-DHAVE_CONFIG_H'
DEPDIR='.deps'
DLLTOOL='false'
DSYMUTIL=''
DUMPBIN=''
ECHO_C=''
ECHO_N='-n'
ECHO_T=''
EGREP='/usr/bin/grep -E'
EXEEXT=''
FGREP='/usr/bin/grep -F'
GLIB_CFLAGS='-I/usr/include/glib-2.0 -I/usr/lib/glib-2.0/include -pthread '
GLIB_COMPILE_RESOURCES='/usr/bin/glib-compile-resources'
GLIB_GENMARSHAL='/usr/bin/glib-genmarshal'
GLIB_LIBS='-lgthread-2.0 -pthread -lglib-2.0 '
GLIB_MKENUMS='/usr/bin/glib-mkenums'
GOBJECT_QUERY='/usr/bin/gobject-query'
GREP='/usr/bin/grep'
INSTALL_DATA='${INSTALL} -m 644'
INSTALL_PROGRAM='${INSTALL}'
INSTALL_SCRIPT='${INSTALL}'
INSTALL_STRIP_PROGRAM='$(install_sh) -c -s'
LD='/usr/bin/ld -m elf_x86_64'
LDFLAGS=''
LIBOBJS=''
LIBS=' -lXxf86dga -lXrandr -lGL -lGLEW -lgthread-2.0 -pthread -lglib-2.0 '
LIBTOOL='$(SHELL) $(top_builddir)/libtool'
LIPO=''
LN_S='ln -s'
LTLIBOBJS=''
LT_SYS_LIBRARY_PATH=''
MAKEINFO='${SHELL} /home/romuald/Projects/RPG3D/missing makeinfo'
MANIFEST_TOOL=':'
MKDIR_P='/usr/bin/mkdir -p'
NM='/usr/bin/nm -B'
NMEDIT=''
OBJDUMP='objdump'
OBJEXT='o'
OTOOL64=''
OTOOL=''
PACKAGE='rpg'
PACKAGE_BUGREPORT='romualdrousseau@msn.com'
PACKAGE_NAME='RPG'
PACKAGE_STRING='RPG 1.0'
PACKAGE_TARNAME='rpg'
PACKAGE_URL=''
PACKAGE_VERSION='1.0'
PATH_SEPARATOR=':'
PKG_CONFIG='/usr/bin/pkg-config'
PKG_CONFIG_LIBDIR=''
PKG_CONFIG_PATH=''
RANLIB='ranlib'
SED='/usr/bin/sed'
SET_MAKE=''
SHELL='/bin/sh'
STRIP='strip'
VERSION='1.0'
ac_ct_AR='ar'
ac_ct_CC='gcc'
ac_ct_DUMPBIN=''
am__EXEEXT_FALSE=''
am__EXEEXT_TRUE='#'
am__fastdepCC_FALSE='#'
am__fastdepCC_TRUE=''
am__include='include'
am__isrc=''
am__leading_dot='.'
am__nodep='_no'
am__quote=''
am__tar='$${TAR-tar} chof - "$$tardir"'
am__untar='$${TAR-tar} xf -'
bindir='${exec_prefix}/bin'
build='x86_64-unknown-linux-gnu'
build_alias=''
build_cpu='x86_64'
build_os='linux-gnu'
build_vendor='unknown'
datadir='${datarootdir}'
datarootdir='${prefix}/share'
docdir='${datarootdir}/doc/${PACKAGE_TARNAME}'
dvidir='${docdir}'
exec_prefix='${prefix}'
host='x86_64-unknown-linux-gnu'
host_alias=''
host_cpu='x86_64'
host_os='linux-gnu'
host_vendor='unknown'
htmldir='${docdir}'
includedir='${prefix}/include'
infodir='${datarootdir}/info'
install_sh='${SHELL} /home/romuald/Projects/RPG3D/install-sh'
libdir='${exec_prefix}/lib'
libexecdir='${exec_prefix}/libexec'
localedir='${datarootdir}/locale'
localstatedir='${prefix}/var'
mandir='${datarootdir}/man'
mkdir_p='$(MKDIR_P)'
oldincludedir='/usr/include'
pdfdir='${docdir}'
prefix='/usr/local'
program_transform_name='s,x,x,'
psdir='${docdir}'
sbindir='${exec_prefix}/sbin'
sharedstatedir='${prefix}/com'
sysconfdir='${prefix}/etc'
target_alias=''

## ----------- ##
## confdefs.h. ##
## ----------- ##

/* confdefs.h */
#define PACKAGE_NAME "RPG"
#define PACKAGE_TARNAME "rpg"
#define PACKAGE_VERSION "1.0"
#define PACKAGE_STRING "RPG 1.0"
#define PACKAGE_BUGREPORT "romualdrousseau@msn.com"
#define PACKAGE_URL ""
#define PACKAGE "rpg"
#define VERSION "1.0"
#define G_DISABLE_ASSERT 1
#define G_DISABLE_CHECKS 1
#define STDC_HEADERS 1
#define HAVE_SYS_TYPES_H 1
#define HAVE_SYS_STAT_H 1
#define HAVE_STDLIB_H 1
#define HAVE_STRING_H 1
#define HAVE_MEMORY_H 1
#define HAVE_STRINGS_H 1
#define HAVE_INTTYPES_H 1
#define HAVE_STDINT_H 1
#define HAVE_UNISTD_H 1
#define HAVE_DLFCN_H 1
#define LT_OBJDIR ".libs/"
#define _GNU_SOURCE 1
#define PACKAGE_DATADIR DATADIR "/" PACKAGE_NAME
#define FASTMATH_SUPPORT 1
#define BACK_BUFFER 1
#define HAVE_XLIB_H 1
#define HAVE_XF86DGA_H 1
#define HAVE_XRANDR_H 1
#define HAVE_GL_H 1
#define HAVE_GLX_H 1
#define HAVE_GLEW_H 1
#define HAVE_GLIB_H 1

configure: exit 0
